{"level":"INFO","message":"[3:10:17.545 AM]: Creating new connection object"}
{"level":"INFO","message":"[3:10:17.559 AM]: Creating Connection[id: 69bebfcc-fb72-4b36-b66d-8ba1f13882f0] with host: FZSMAVK-SR40741.snowflakecomputing.com, account: FZSMAVK-SR40741, accessUrl: https://FZSMAVK-SR40741.snowflakecomputing.com, user: ANIMESH25, password is provided, role: undefined, database: FLYWISE, schema: PUBLIC, warehouse: COMPUTE_WH, region: undefined, authenticator: SNOWFLAKE, ocsp mode: FAIL_OPEN, os: darwin, os version: 25.0.0"}
{"level":"INFO","message":"[3:10:17.560 AM]: Connection[id: 69bebfcc-fb72-4b36-b66d-8ba1f13882f0] additional details: passcode in password is provided, passcode is not provided, private key is not provided, application: undefined, client name: snowflake-sdk, client version: 1.15.0, retry timeout: 300, private key path: undefined, private key pass is not provided, client store temporary credential: false, browser response timeout: 120000"}
{"level":"INFO","message":"[3:10:17.560 AM]: Connection[id: 69bebfcc-fb72-4b36-b66d-8ba1f13882f0] - connection object created successfully."}
{"level":"INFO","message":"[3:10:17.560 AM]: Connection[id: 69bebfcc-fb72-4b36-b66d-8ba1f13882f0] - connecting. Associated Snowflake domain: GLOBAL"}
{"level":"INFO","message":"[3:10:17.561 AM]: Connection[id: 69bebfcc-fb72-4b36-b66d-8ba1f13882f0] - authentication successful using: SNOWFLAKE"}
{"level":"INFO","message":"[3:10:17.561 AM]: Trying to initialize Easy Logging"}
{"level":"INFO","message":"[3:10:17.563 AM]: No client config detected."}
{"level":"INFO","message":"[3:10:17.563 AM]: No config file path found. Client config will not be used."}
{"level":"INFO","message":"[3:10:17.563 AM]: Easy Logging is disabled as no config has been found"}
{"level":"INFO","message":"[3:10:17.565 AM]: Connection[id: 69bebfcc-fb72-4b36-b66d-8ba1f13882f0] - connected successfully after 4.401832999996259 milliseconds"}
{"level":"INFO","message":"[4:00:23.275 AM]: Creating new connection object"}
{"level":"INFO","message":"[4:00:23.289 AM]: Creating Connection[id: 5b839053-b625-459f-945d-b1b0400f0d28] with host: FZSMAVK-SR40741.snowflakecomputing.com, account: FZSMAVK-SR40741, accessUrl: https://FZSMAVK-SR40741.snowflakecomputing.com, user: ANIMESH25, password is provided, role: undefined, database: FLYWISE, schema: PUBLIC, warehouse: COMPUTE_WH, region: undefined, authenticator: SNOWFLAKE, ocsp mode: FAIL_OPEN, os: darwin, os version: 25.0.0"}
{"level":"INFO","message":"[4:00:23.289 AM]: Connection[id: 5b839053-b625-459f-945d-b1b0400f0d28] additional details: passcode in password is provided, passcode is not provided, private key is not provided, application: undefined, client name: snowflake-sdk, client version: 1.15.0, retry timeout: 300, private key path: undefined, private key pass is not provided, client store temporary credential: false, browser response timeout: 120000"}
{"level":"INFO","message":"[4:00:23.290 AM]: Connection[id: 5b839053-b625-459f-945d-b1b0400f0d28] - connection object created successfully."}
{"level":"INFO","message":"[4:00:23.291 AM]: Connection[id: 5b839053-b625-459f-945d-b1b0400f0d28] - connecting. Associated Snowflake domain: GLOBAL"}
{"level":"INFO","message":"[4:00:23.292 AM]: Connection[id: 5b839053-b625-459f-945d-b1b0400f0d28] - authentication successful using: SNOWFLAKE"}
{"level":"INFO","message":"[4:00:23.292 AM]: Trying to initialize Easy Logging"}
{"level":"INFO","message":"[4:00:23.295 AM]: No client config detected."}
{"level":"INFO","message":"[4:00:23.296 AM]: No config file path found. Client config will not be used."}
{"level":"INFO","message":"[4:00:23.296 AM]: Easy Logging is disabled as no config has been found"}
{"level":"INFO","message":"[4:00:23.299 AM]: Connection[id: 5b839053-b625-459f-945d-b1b0400f0d28] - connected successfully after 8.319874999986496 milliseconds"}
